<?xml version="1.0" encoding="UTF-8"?>
<!-- Generated by org.testng.reporters.JUnitReportReporter -->
<testsuite hostname="sanjeev-pc" failures="0" tests="1" name="runner.NewTest" time="0.902" errors="0" timestamp="2025-08-21T22:20:23 IST" skipped="0">
  <testcase classname="runner.NewTest" name="test1" time="0.902"/>
</testsuite> <!-- runner.NewTest -->
